  ExcelService.cpp
c:\users\fedor\desktop\excelquest\excelquest\excelservice.cpp(141): warning C4267: =: преобразование из "size_t" в "int"; возможна потеря данных
c:\users\fedor\desktop\excelquest\excelquest\excelservice.cpp(143): warning C4267: =: преобразование из "size_t" в "int"; возможна потеря данных
c:\users\fedor\desktop\excelquest\excelquest\excelservice.cpp(145): warning C4267: =: преобразование из "size_t" в "int"; возможна потеря данных
c:\users\fedor\desktop\excelquest\excelquest\excelservice.cpp(149): warning C4267: =: преобразование из "size_t" в "int"; возможна потеря данных
c:\users\fedor\desktop\excelquest\excelquest\excelservice.cpp(166): warning C4267: =: преобразование из "size_t" в "int"; возможна потеря данных
c:\users\fedor\desktop\excelquest\excelquest\excelservice.cpp(167): warning C4267: =: преобразование из "size_t" в "int"; возможна потеря данных
c:\users\fedor\desktop\excelquest\excelquest\excelservice.cpp(170): warning C4267: =: преобразование из "size_t" в "int"; возможна потеря данных
c:\users\fedor\desktop\excelquest\excelquest\excelservice.cpp(199): warning C4267: =: преобразование из "size_t" в "int"; возможна потеря данных
c:\users\fedor\desktop\excelquest\excelquest\excelservice.cpp(203): warning C4267: =: преобразование из "size_t" в "int"; возможна потеря данных
c:\users\fedor\desktop\excelquest\excelquest\excelservice.cpp(205): warning C4267: =: преобразование из "size_t" в "int"; возможна потеря данных
  main.cpp
  Создание кода...
  libzip-static.lib(zip_close.obj) : найден .netmodule MSIL или модуль, откомпилированный с параметром /GL; перезапускается компоновка с параметром /LTCG; добавьте /LTCG в командную строку компоновки для повышения производительности компоновщика
LINK : warning LNK4075: эх єўшЄ√трхЄё  "/INCREMENTAL" шч-чр ёяхЎшЇшърЎшш "/LTCG"
MSVCRTD.lib(initializers.obj) : warning LNK4098: сшсышюЄхър яю єьюыўрэш■ "msvcrt.lib" яЁюЄштюЁхўшЄ шёяюы№чютрэш■ фЁєушї сшсышюЄхъ; шёяюы№чєщЄх ярЁрьхЄЁ /NODEFAULTLIB:library
  ╤ючфрэшх ъюфр
  ╤ючфрэшх ъюфр чртхЁ°хэю
libzip-static.lib(zip_close.obj) : warning LNK4099: "libzip-static.pdb" PDB эх эрщфхэ ё "libzip-static.lib(zip_close.obj)" шыш эр "C:\Users\fedor\Desktop\ExcelQuest\x64\Debug\libzip-static.pdb"; ъюьяюэютър юс·хъЄр т√яюыэ хЄё  ъръ яЁш юЄёєЄёЄтшш юЄырфюўэ√ї фрээ√ї
libzip-static.lib(zip_fclose.obj) : warning LNK4099: "libzip-static.pdb" PDB эх эрщфхэ ё "libzip-static.lib(zip_fclose.obj)" шыш эр "C:\Users\fedor\Desktop\ExcelQuest\x64\Debug\libzip-static.pdb"; ъюьяюэютър юс·хъЄр т√яюыэ хЄё  ъръ яЁш юЄёєЄёЄтшш юЄырфюўэ√ї фрээ√ї
libzip-static.lib(zip_fopen.obj) : warning LNK4099: "libzip-static.pdb" PDB эх эрщфхэ ё "libzip-static.lib(zip_fopen.obj)" шыш эр "C:\Users\fedor\Desktop\ExcelQuest\x64\Debug\libzip-static.pdb"; ъюьяюэютър юс·хъЄр т√яюыэ хЄё  ъръ яЁш юЄёєЄёЄтшш юЄырфюўэ√ї фрээ√ї
libzip-static.lib(zip_fread.obj) : warning LNK4099: "libzip-static.pdb" PDB эх эрщфхэ ё "libzip-static.lib(zip_fread.obj)" шыш эр "C:\Users\fedor\Desktop\ExcelQuest\x64\Debug\libzip-static.pdb"; ъюьяюэютър юс·хъЄр т√яюыэ хЄё  ъръ яЁш юЄёєЄёЄтшш юЄырфюўэ√ї фрээ√ї
libzip-static.lib(zip_open.obj) : warning LNK4099: "libzip-static.pdb" PDB эх эрщфхэ ё "libzip-static.lib(zip_open.obj)" шыш эр "C:\Users\fedor\Desktop\ExcelQuest\x64\Debug\libzip-static.pdb"; ъюьяюэютър юс·хъЄр т√яюыэ хЄё  ъръ яЁш юЄёєЄёЄтшш юЄырфюўэ√ї фрээ√ї
libzip-static.lib(zip_stat.obj) : warning LNK4099: "libzip-static.pdb" PDB эх эрщфхэ ё "libzip-static.lib(zip_stat.obj)" шыш эр "C:\Users\fedor\Desktop\ExcelQuest\x64\Debug\libzip-static.pdb"; ъюьяюэютър юс·хъЄр т√яюыэ хЄё  ъръ яЁш юЄёєЄёЄтшш юЄырфюўэ√ї фрээ√ї
libzip-static.lib(zip_source_commit_write.obj) : warning LNK4099: "libzip-static.pdb" PDB эх эрщфхэ ё "libzip-static.lib(zip_source_commit_write.obj)" шыш эр "C:\Users\fedor\Desktop\ExcelQuest\x64\Debug\libzip-static.pdb"; ъюьяюэютър юс·хъЄр т√яюыэ хЄё  ъръ яЁш юЄёєЄёЄтшш юЄырфюўэ√ї фрээ√ї
libzip-static.lib(zip_source_rollback_write.obj) : warning LNK4099: "libzip-static.pdb" PDB эх эрщфхэ ё "libzip-static.lib(zip_source_rollback_write.obj)" шыш эр "C:\Users\fedor\Desktop\ExcelQuest\x64\Debug\libzip-static.pdb"; ъюьяюэютър юс·хъЄр т√яюыэ хЄё  ъръ яЁш юЄёєЄёЄтшш юЄырфюўэ√ї фрээ√ї
libzip-static.lib(zip_source_free.obj) : warning LNK4099: "libzip-static.pdb" PDB эх эрщфхэ ё "libzip-static.lib(zip_source_free.obj)" шыш эр "C:\Users\fedor\Desktop\ExcelQuest\x64\Debug\libzip-static.pdb"; ъюьяюэютър юс·хъЄр т√яюыэ хЄё  ъръ яЁш юЄёєЄёЄтшш юЄырфюўэ√ї фрээ√ї
libzip-static.lib(zip_io_util.obj) : warning LNK4099: "libzip-static.pdb" PDB эх эрщфхэ ё "libzip-static.lib(zip_io_util.obj)" шыш эр "C:\Users\fedor\Desktop\ExcelQuest\x64\Debug\libzip-static.pdb"; ъюьяюэютър юс·хъЄр т√яюыэ хЄё  ъръ яЁш юЄёєЄёЄтшш юЄырфюўэ√ї фрээ√ї
libzip-static.lib(zip_source_close.obj) : warning LNK4099: "libzip-static.pdb" PDB эх эрщфхэ ё "libzip-static.lib(zip_source_close.obj)" шыш эр "C:\Users\fedor\Desktop\ExcelQuest\x64\Debug\libzip-static.pdb"; ъюьяюэютър юс·хъЄр т√яюыэ хЄё  ъръ яЁш юЄёєЄёЄтшш юЄырфюўэ√ї фрээ√ї
libzip-static.lib(zip_progress.obj) : warning LNK4099: "libzip-static.pdb" PDB эх эрщфхэ ё "libzip-static.lib(zip_progress.obj)" шыш эр "C:\Users\fedor\Desktop\ExcelQuest\x64\Debug\libzip-static.pdb"; ъюьяюэютър юс·хъЄр т√яюыэ хЄё  ъръ яЁш юЄёєЄёЄтшш юЄырфюўэ√ї фрээ√ї
libzip-static.lib(zip_source_zip_new.obj) : warning LNK4099: "libzip-static.pdb" PDB эх эрщфхэ ё "libzip-static.lib(zip_source_zip_new.obj)" шыш эр "C:\Users\fedor\Desktop\ExcelQuest\x64\Debug\libzip-static.pdb"; ъюьяюэютър юс·хъЄр т√яюыэ хЄё  ъръ яЁш юЄёєЄёЄтшш юЄырфюўэ√ї фрээ√ї
libzip-static.lib(zip_source_begin_write.obj) : warning LNK4099: "libzip-static.pdb" PDB эх эрщфхэ ё "libzip-static.lib(zip_source_begin_write.obj)" шыш эр "C:\Users\fedor\Desktop\ExcelQuest\x64\Debug\libzip-static.pdb"; ъюьяюэютър юс·хъЄр т√яюыэ хЄё  ъръ яЁш юЄёєЄёЄтшш юЄырфюўэ√ї фрээ√ї
libzip-static.lib(zip_error.obj) : warning LNK4099: "libzip-static.pdb" PDB эх эрщфхэ ё "libzip-static.lib(zip_error.obj)" шыш эр "C:\Users\fedor\Desktop\ExcelQuest\x64\Debug\libzip-static.pdb"; ъюьяюэютър юс·хъЄр т√яюыэ хЄё  ъръ яЁш юЄёєЄёЄтшш юЄырфюўэ√ї фрээ√ї
libzip-static.lib(zip_dirent.obj) : warning LNK4099: "libzip-static.pdb" PDB эх эрщфхэ ё "libzip-static.lib(zip_dirent.obj)" шыш эр "C:\Users\fedor\Desktop\ExcelQuest\x64\Debug\libzip-static.pdb"; ъюьяюэютър юс·хъЄр т√яюыэ хЄё  ъръ яЁш юЄёєЄёЄтшш юЄырфюўэ√ї фрээ√ї
libzip-static.lib(zip_source_open.obj) : warning LNK4099: "libzip-static.pdb" PDB эх эрщфхэ ё "libzip-static.lib(zip_source_open.obj)" шыш эр "C:\Users\fedor\Desktop\ExcelQuest\x64\Debug\libzip-static.pdb"; ъюьяюэютър юс·хъЄр т√яюыэ хЄё  ъръ яЁш юЄёєЄёЄтшш юЄырфюўэ√ї фрээ√ї
libzip-static.lib(zip_source_function.obj) : warning LNK4099: "libzip-static.pdb" PDB эх эрщфхэ ё "libzip-static.lib(zip_source_function.obj)" шыш эр "C:\Users\fedor\Desktop\ExcelQuest\x64\Debug\libzip-static.pdb"; ъюьяюэютър юс·хъЄр т√яюыэ хЄё  ъръ яЁш юЄёєЄёЄтшш юЄырфюўэ√ї фрээ√ї
libzip-static.lib(zip_source_read.obj) : warning LNK4099: "libzip-static.pdb" PDB эх эрщфхэ ё "libzip-static.lib(zip_source_read.obj)" шыш эр "C:\Users\fedor\Desktop\ExcelQuest\x64\Debug\libzip-static.pdb"; ъюьяюэютър юс·хъЄр т√яюыэ хЄё  ъръ яЁш юЄёєЄёЄтшш юЄырфюўэ√ї фрээ√ї
libzip-static.lib(zip_source_crc.obj) : warning LNK4099: "libzip-static.pdb" PDB эх эрщфхэ ё "libzip-static.lib(zip_source_crc.obj)" шыш эр "C:\Users\fedor\Desktop\ExcelQuest\x64\Debug\libzip-static.pdb"; ъюьяюэютър юс·хъЄр т√яюыэ хЄё  ъръ яЁш юЄёєЄёЄтшш юЄырфюўэ√ї фрээ√ї
libzip-static.lib(zip_source_compress.obj) : warning LNK4099: "libzip-static.pdb" PDB эх эрщфхэ ё "libzip-static.lib(zip_source_compress.obj)" шыш эр "C:\Users\fedor\Desktop\ExcelQuest\x64\Debug\libzip-static.pdb"; ъюьяюэютър юс·хъЄр т√яюыэ хЄё  ъръ яЁш юЄёєЄёЄтшш юЄырфюўэ√ї фрээ√ї
libzip-static.lib(zip_source_seek_write.obj) : warning LNK4099: "libzip-static.pdb" PDB эх эрщфхэ ё "libzip-static.lib(zip_source_seek_write.obj)" шыш эр "C:\Users\fedor\Desktop\ExcelQuest\x64\Debug\libzip-static.pdb"; ъюьяюэютър юс·хъЄр т√яюыэ хЄё  ъръ яЁш юЄёєЄёЄтшш юЄырфюўэ√ї фрээ√ї
libzip-static.lib(zip_source_begin_write_cloning.obj) : warning LNK4099: "libzip-static.pdb" PDB эх эрщфхэ ё "libzip-static.lib(zip_source_begin_write_cloning.obj)" шыш эр "C:\Users\fedor\Desktop\ExcelQuest\x64\Debug\libzip-static.pdb"; ъюьяюэютър юс·хъЄр т√яюыэ хЄё  ъръ яЁш юЄёєЄёЄтшш юЄырфюўэ√ї фрээ√ї
libzip-static.lib(zip_extra_field.obj) : warning LNK4099: "libzip-static.pdb" PDB эх эрщфхэ ё "libzip-static.lib(zip_extra_field.obj)" шыш эр "C:\Users\fedor\Desktop\ExcelQuest\x64\Debug\libzip-static.pdb"; ъюьяюэютър юс·хъЄр т√яюыэ хЄё  ъръ яЁш юЄёєЄёЄтшш юЄырфюўэ√ї фрээ√ї
libzip-static.lib(zip_source_supports.obj) : warning LNK4099: "libzip-static.pdb" PDB эх эрщфхэ ё "libzip-static.lib(zip_source_supports.obj)" шыш эр "C:\Users\fedor\Desktop\ExcelQuest\x64\Debug\libzip-static.pdb"; ъюьяюэютър юс·хъЄр т√яюыэ хЄё  ъръ яЁш юЄёєЄёЄтшш юЄырфюўэ√ї фрээ√ї
libzip-static.lib(zip_file_get_offset.obj) : warning LNK4099: "libzip-static.pdb" PDB эх эрщфхэ ё "libzip-static.lib(zip_file_get_offset.obj)" шыш эр "C:\Users\fedor\Desktop\ExcelQuest\x64\Debug\libzip-static.pdb"; ъюьяюэютър юс·хъЄр т√яюыэ хЄё  ъръ яЁш юЄёєЄёЄтшш юЄырфюўэ√ї фрээ√ї
libzip-static.lib(zip_source_remove.obj) : warning LNK4099: "libzip-static.pdb" PDB эх эрщфхэ ё "libzip-static.lib(zip_source_remove.obj)" шыш эр "C:\Users\fedor\Desktop\ExcelQuest\x64\Debug\libzip-static.pdb"; ъюьяюэютър юс·хъЄр т√яюыэ хЄё  ъръ яЁш юЄёєЄёЄтшш юЄырфюўэ√ї фрээ√ї
libzip-static.lib(zip_get_encryption_implementation.obj) : warning LNK4099: "libzip-static.pdb" PDB эх эрщфхэ ё "libzip-static.lib(zip_get_encryption_implementation.obj)" шыш эр "C:\Users\fedor\Desktop\ExcelQuest\x64\Debug\libzip-static.pdb"; ъюьяюэютър юс·хъЄр т√яюыэ хЄё  ъръ яЁш юЄёєЄёЄтшш юЄырфюўэ√ї фрээ√ї
libzip-static.lib(zip_source_tell_write.obj) : warning LNK4099: "libzip-static.pdb" PDB эх эрщфхэ ё "libzip-static.lib(zip_source_tell_write.obj)" шыш эр "C:\Users\fedor\Desktop\ExcelQuest\x64\Debug\libzip-static.pdb"; ъюьяюэютър юс·хъЄр т√яюыэ хЄё  ъръ яЁш юЄёєЄёЄтшш юЄырфюўэ√ї фрээ√ї
libzip-static.lib(zip_source_get_compression_flags.obj) : warning LNK4099: "libzip-static.pdb" PDB эх эрщфхэ ё "libzip-static.lib(zip_source_get_compression_flags.obj)" шыш эр "C:\Users\fedor\Desktop\ExcelQuest\x64\Debug\libzip-static.pdb"; ъюьяюэютър юс·хъЄр т√яюыэ хЄё  ъръ яЁш юЄёєЄёЄтшш юЄырфюўэ√ї фрээ√ї
libzip-static.lib(zip_discard.obj) : warning LNK4099: "libzip-static.pdb" PDB эх эрщфхэ ё "libzip-static.lib(zip_discard.obj)" шыш эр "C:\Users\fedor\Desktop\ExcelQuest\x64\Debug\libzip-static.pdb"; ъюьяюэютър юс·хъЄр т√яюыэ хЄё  ъръ яЁш юЄёєЄёЄтшш юЄырфюўэ√ї фрээ√ї
libzip-static.lib(zip_source_seek.obj) : warning LNK4099: "libzip-static.pdb" PDB эх эрщфхэ ё "libzip-static.lib(zip_source_seek.obj)" шыш эр "C:\Users\fedor\Desktop\ExcelQuest\x64\Debug\libzip-static.pdb"; ъюьяюэютър юс·хъЄр т√яюыэ хЄё  ъръ яЁш юЄёєЄёЄтшш юЄырфюўэ√ї фрээ√ї
libzip-static.lib(zip_source_stat.obj) : warning LNK4099: "libzip-static.pdb" PDB эх эрщфхэ ё "libzip-static.lib(zip_source_stat.obj)" шыш эр "C:\Users\fedor\Desktop\ExcelQuest\x64\Debug\libzip-static.pdb"; ъюьяюэютър юс·хъЄр т√яюыэ хЄё  ъръ яЁш юЄёєЄёЄтшш юЄырфюўэ√ї фрээ√ї
libzip-static.lib(zip_name_locate.obj) : warning LNK4099: "libzip-static.pdb" PDB эх эрщфхэ ё "libzip-static.lib(zip_name_locate.obj)" шыш эр "C:\Users\fedor\Desktop\ExcelQuest\x64\Debug\libzip-static.pdb"; ъюьяюэютър юс·хъЄр т√яюыэ хЄё  ъръ яЁш юЄёєЄёЄтшш юЄырфюўэ√ї фрээ√ї
libzip-static.lib(zip_fopen_index_encrypted.obj) : warning LNK4099: "libzip-static.pdb" PDB эх эрщфхэ ё "libzip-static.lib(zip_fopen_index_encrypted.obj)" шыш эр "C:\Users\fedor\Desktop\ExcelQuest\x64\Debug\libzip-static.pdb"; ъюьяюэютър юс·хъЄр т√яюыэ хЄё  ъръ яЁш юЄёєЄёЄтшш юЄырфюўэ√ї фрээ√ї
libzip-static.lib(zip_source_tell.obj) : warning LNK4099: "libzip-static.pdb" PDB эх эрщфхэ ё "libzip-static.lib(zip_source_tell.obj)" шыш эр "C:\Users\fedor\Desktop\ExcelQuest\x64\Debug\libzip-static.pdb"; ъюьяюэютър юс·хъЄр т√яюыэ хЄё  ъръ яЁш юЄёєЄёЄтшш юЄырфюўэ√ї фрээ√ї
libzip-static.lib(zip_buffer.obj) : warning LNK4099: "libzip-static.pdb" PDB эх эрщфхэ ё "libzip-static.lib(zip_buffer.obj)" шыш эр "C:\Users\fedor\Desktop\ExcelQuest\x64\Debug\libzip-static.pdb"; ъюьяюэютър юс·хъЄр т√яюыэ хЄё  ъръ яЁш юЄёєЄёЄтшш юЄырфюўэ√ї фрээ√ї
libzip-static.lib(zip_hash.obj) : warning LNK4099: "libzip-static.pdb" PDB эх эрщфхэ ё "libzip-static.lib(zip_hash.obj)" шыш эр "C:\Users\fedor\Desktop\ExcelQuest\x64\Debug\libzip-static.pdb"; ъюьяюэютър юс·хъЄр т√яюыэ хЄё  ъръ яЁш юЄёєЄёЄтшш юЄырфюўэ√ї фрээ√ї
libzip-static.lib(zip_string.obj) : warning LNK4099: "libzip-static.pdb" PDB эх эрщфхэ ё "libzip-static.lib(zip_string.obj)" шыш эр "C:\Users\fedor\Desktop\ExcelQuest\x64\Debug\libzip-static.pdb"; ъюьяюэютър юс·хъЄр т√яюыэ хЄё  ъръ яЁш юЄёєЄёЄтшш юЄырфюўэ√ї фрээ√ї
libzip-static.lib(zip_stat_init.obj) : warning LNK4099: "libzip-static.pdb" PDB эх эрщфхэ ё "libzip-static.lib(zip_stat_init.obj)" шыш эр "C:\Users\fedor\Desktop\ExcelQuest\x64\Debug\libzip-static.pdb"; ъюьяюэютър юс·хъЄр т√яюыэ хЄё  ъръ яЁш юЄёєЄёЄтшш юЄырфюўэ√ї фрээ√ї
libzip-static.lib(zip_source_win32utf8.obj) : warning LNK4099: "libzip-static.pdb" PDB эх эрщфхэ ё "libzip-static.lib(zip_source_win32utf8.obj)" шыш эр "C:\Users\fedor\Desktop\ExcelQuest\x64\Debug\libzip-static.pdb"; ъюьяюэютър юс·хъЄр т√яюыэ хЄё  ъръ яЁш юЄёєЄёЄтшш юЄырфюўэ√ї фрээ√ї
libzip-static.lib(zip_new.obj) : warning LNK4099: "libzip-static.pdb" PDB эх эрщфхэ ё "libzip-static.lib(zip_new.obj)" шыш эр "C:\Users\fedor\Desktop\ExcelQuest\x64\Debug\libzip-static.pdb"; ъюьяюэютър юс·хъЄр т√яюыэ хЄё  ъръ яЁш юЄёєЄёЄтшш юЄырфюўэ√ї фрээ√ї
libzip-static.lib(zip_source_error.obj) : warning LNK4099: "libzip-static.pdb" PDB эх эрщфхэ ё "libzip-static.lib(zip_source_error.obj)" шыш эр "C:\Users\fedor\Desktop\ExcelQuest\x64\Debug\libzip-static.pdb"; ъюьяюэютър юс·хъЄр т√яюыэ хЄё  ъръ яЁш юЄёєЄёЄтшш юЄырфюўэ√ї фрээ√ї
libzip-static.lib(zip_stat_index.obj) : warning LNK4099: "libzip-static.pdb" PDB эх эрщфхэ ё "libzip-static.lib(zip_stat_index.obj)" шыш эр "C:\Users\fedor\Desktop\ExcelQuest\x64\Debug\libzip-static.pdb"; ъюьяюэютър юс·хъЄр т√яюыэ хЄё  ъръ яЁш юЄёєЄёЄтшш юЄырфюўэ√ї фрээ√ї
libzip-static.lib(zip_source_call.obj) : warning LNK4099: "libzip-static.pdb" PDB эх эрщфхэ ё "libzip-static.lib(zip_source_call.obj)" шыш эр "C:\Users\fedor\Desktop\ExcelQuest\x64\Debug\libzip-static.pdb"; ъюьяюэютър юс·хъЄр т√яюыэ хЄё  ъръ яЁш юЄёєЄёЄтшш юЄырфюўэ√ї фрээ√ї
libzip-static.lib(zip_source_window.obj) : warning LNK4099: "libzip-static.pdb" PDB эх эрщфхэ ё "libzip-static.lib(zip_source_window.obj)" шыш эр "C:\Users\fedor\Desktop\ExcelQuest\x64\Debug\libzip-static.pdb"; ъюьяюэютър юс·хъЄр т√яюыэ хЄё  ъръ яЁш юЄёєЄёЄтшш юЄырфюўэ√ї фрээ√ї
libzip-static.lib(zip_source_write.obj) : warning LNK4099: "libzip-static.pdb" PDB эх эрщфхэ ё "libzip-static.lib(zip_source_write.obj)" шыш эр "C:\Users\fedor\Desktop\ExcelQuest\x64\Debug\libzip-static.pdb"; ъюьяюэютър юс·хъЄр т√яюыэ хЄё  ъръ яЁш юЄёєЄёЄтшш юЄырфюўэ√ї фрээ√ї
libzip-static.lib(zip_source_buffer.obj) : warning LNK4099: "libzip-static.pdb" PDB эх эрщфхэ ё "libzip-static.lib(zip_source_buffer.obj)" шыш эр "C:\Users\fedor\Desktop\ExcelQuest\x64\Debug\libzip-static.pdb"; ъюьяюэютър юс·хъЄр т√яюыэ хЄё  ъръ яЁш юЄёєЄёЄтшш юЄырфюўэ√ї фрээ√ї
libzip-static.lib(zip_err_str.obj) : warning LNK4099: "libzip-static.pdb" PDB эх эрщфхэ ё "libzip-static.lib(zip_err_str.obj)" шыш эр "C:\Users\fedor\Desktop\ExcelQuest\x64\Debug\libzip-static.pdb"; ъюьяюэютър юс·хъЄр т√яюыэ хЄё  ъръ яЁш юЄёєЄёЄтшш юЄырфюўэ√ї фрээ√ї
libzip-static.lib(zip_entry.obj) : warning LNK4099: "libzip-static.pdb" PDB эх эрщфхэ ё "libzip-static.lib(zip_entry.obj)" шыш эр "C:\Users\fedor\Desktop\ExcelQuest\x64\Debug\libzip-static.pdb"; ъюьяюэютър юс·хъЄр т√яюыэ хЄё  ъръ яЁш юЄёєЄёЄтшш юЄырфюўэ√ї фрээ√ї
libzip-static.lib(zip_utf-8.obj) : warning LNK4099: "libzip-static.pdb" PDB эх эрщфхэ ё "libzip-static.lib(zip_utf-8.obj)" шыш эр "C:\Users\fedor\Desktop\ExcelQuest\x64\Debug\libzip-static.pdb"; ъюьяюэютър юс·хъЄр т√яюыэ хЄё  ъръ яЁш юЄёєЄёЄтшш юЄырфюўэ√ї фрээ√ї
libzip-static.lib(zip_source_layered.obj) : warning LNK4099: "libzip-static.pdb" PDB эх эрщфхэ ё "libzip-static.lib(zip_source_layered.obj)" шыш эр "C:\Users\fedor\Desktop\ExcelQuest\x64\Debug\libzip-static.pdb"; ъюьяюэютър юс·хъЄр т√яюыэ хЄё  ъръ яЁш юЄёєЄёЄтшш юЄырфюўэ√ї фрээ√ї
libzip-static.lib(zip_algorithm_deflate.obj) : warning LNK4099: "libzip-static.pdb" PDB эх эрщфхэ ё "libzip-static.lib(zip_algorithm_deflate.obj)" шыш эр "C:\Users\fedor\Desktop\ExcelQuest\x64\Debug\libzip-static.pdb"; ъюьяюэютър юс·хъЄр т√яюыэ хЄё  ъръ яЁш юЄёєЄёЄтшш юЄырфюўэ√ї фрээ√ї
libzip-static.lib(zip_memdup.obj) : warning LNK4099: "libzip-static.pdb" PDB эх эрщфхэ ё "libzip-static.lib(zip_memdup.obj)" шыш эр "C:\Users\fedor\Desktop\ExcelQuest\x64\Debug\libzip-static.pdb"; ъюьяюэютър юс·хъЄр т√яюыэ хЄё  ъръ яЁш юЄёєЄёЄтшш юЄырфюўэ√ї фрээ√ї
libzip-static.lib(zip_source_pkware.obj) : warning LNK4099: "libzip-static.pdb" PDB эх эрщфхэ ё "libzip-static.lib(zip_source_pkware.obj)" шыш эр "C:\Users\fedor\Desktop\ExcelQuest\x64\Debug\libzip-static.pdb"; ъюьяюэютър юс·хъЄр т√яюыэ хЄё  ъръ яЁш юЄёєЄёЄтшш юЄырфюўэ√ї фрээ√ї
libzip-static.lib(zip_source_winzip_aes_decode.obj) : warning LNK4099: "libzip-static.pdb" PDB эх эрщфхэ ё "libzip-static.lib(zip_source_winzip_aes_decode.obj)" шыш эр "C:\Users\fedor\Desktop\ExcelQuest\x64\Debug\libzip-static.pdb"; ъюьяюэютър юс·хъЄр т√яюыэ хЄё  ъръ яЁш юЄёєЄёЄтшш юЄырфюўэ√ї фрээ√ї
libzip-static.lib(zip_source_winzip_aes_encode.obj) : warning LNK4099: "libzip-static.pdb" PDB эх эрщфхэ ё "libzip-static.lib(zip_source_winzip_aes_encode.obj)" шыш эр "C:\Users\fedor\Desktop\ExcelQuest\x64\Debug\libzip-static.pdb"; ъюьяюэютър юс·хъЄр т√яюыэ хЄё  ъръ яЁш юЄёєЄёЄтшш юЄырфюўэ√ї фрээ√ї
libzip-static.lib(zip_get_name.obj) : warning LNK4099: "libzip-static.pdb" PDB эх эрщфхэ ё "libzip-static.lib(zip_get_name.obj)" шыш эр "C:\Users\fedor\Desktop\ExcelQuest\x64\Debug\libzip-static.pdb"; ъюьяюэютър юс·хъЄр т√яюыэ хЄё  ъръ яЁш юЄёєЄёЄтшш юЄырфюўэ√ї фрээ√ї
libzip-static.lib(zip_source_win32w.obj) : warning LNK4099: "libzip-static.pdb" PDB эх эрщфхэ ё "libzip-static.lib(zip_source_win32w.obj)" шыш эр "C:\Users\fedor\Desktop\ExcelQuest\x64\Debug\libzip-static.pdb"; ъюьяюэютър юс·хъЄр т√яюыэ хЄё  ъръ яЁш юЄёєЄёЄтшш юЄырфюўэ√ї фрээ√ї
libzip-static.lib(zip_unchange_data.obj) : warning LNK4099: "libzip-static.pdb" PDB эх эрщфхэ ё "libzip-static.lib(zip_unchange_data.obj)" шыш эр "C:\Users\fedor\Desktop\ExcelQuest\x64\Debug\libzip-static.pdb"; ъюьяюэютър юс·хъЄр т√яюыэ хЄё  ъръ яЁш юЄёєЄёЄтшш юЄырфюўэ√ї фрээ√ї
libzip-static.lib(zip_winzip_aes.obj) : warning LNK4099: "libzip-static.pdb" PDB эх эрщфхэ ё "libzip-static.lib(zip_winzip_aes.obj)" шыш эр "C:\Users\fedor\Desktop\ExcelQuest\x64\Debug\libzip-static.pdb"; ъюьяюэютър юс·хъЄр т√яюыэ хЄё  ъръ яЁш юЄёєЄёЄтшш юЄырфюўэ√ї фрээ√ї
libzip-static.lib(zip_crypto_win.obj) : warning LNK4099: "libzip-static.pdb" PDB эх эрщфхэ ё "libzip-static.lib(zip_crypto_win.obj)" шыш эр "C:\Users\fedor\Desktop\ExcelQuest\x64\Debug\libzip-static.pdb"; ъюьяюэютър юс·хъЄр т√яюыэ хЄё  ъръ яЁш юЄёєЄёЄтшш юЄырфюўэ√ї фрээ√ї
libzip-static.lib(zip_source_win32handle.obj) : warning LNK4099: "libzip-static.pdb" PDB эх эрщфхэ ё "libzip-static.lib(zip_source_win32handle.obj)" шыш эр "C:\Users\fedor\Desktop\ExcelQuest\x64\Debug\libzip-static.pdb"; ъюьяюэютър юс·хъЄр т√яюыэ хЄё  ъръ яЁш юЄёєЄёЄтшш юЄырфюўэ√ї фрээ√ї
libz-static.lib(crc32.obj) : warning LNK4099: "libz-static.pdb" PDB эх эрщфхэ ё "libz-static.lib(crc32.obj)" шыш эр "C:\Users\fedor\Desktop\ExcelQuest\x64\Debug\libz-static.pdb"; ъюьяюэютър юс·хъЄр т√яюыэ хЄё  ъръ яЁш юЄёєЄёЄтшш юЄырфюўэ√ї фрээ√ї
libz-static.lib(inflate.obj) : warning LNK4099: "libz-static.pdb" PDB эх эрщфхэ ё "libz-static.lib(inflate.obj)" шыш эр "C:\Users\fedor\Desktop\ExcelQuest\x64\Debug\libz-static.pdb"; ъюьяюэютър юс·хъЄр т√яюыэ хЄё  ъръ яЁш юЄёєЄёЄтшш юЄырфюўэ√ї фрээ√ї
libz-static.lib(deflate.obj) : warning LNK4099: "libz-static.pdb" PDB эх эрщфхэ ё "libz-static.lib(deflate.obj)" шыш эр "C:\Users\fedor\Desktop\ExcelQuest\x64\Debug\libz-static.pdb"; ъюьяюэютър юс·хъЄр т√яюыэ хЄё  ъръ яЁш юЄёєЄёЄтшш юЄырфюўэ√ї фрээ√ї
libz-static.lib(zutil.obj) : warning LNK4099: "libz-static.pdb" PDB эх эрщфхэ ё "libz-static.lib(zutil.obj)" шыш эр "C:\Users\fedor\Desktop\ExcelQuest\x64\Debug\libz-static.pdb"; ъюьяюэютър юс·хъЄр т√яюыэ хЄё  ъръ яЁш юЄёєЄёЄтшш юЄырфюўэ√ї фрээ√ї
libz-static.lib(adler32.obj) : warning LNK4099: "libz-static.pdb" PDB эх эрщфхэ ё "libz-static.lib(adler32.obj)" шыш эр "C:\Users\fedor\Desktop\ExcelQuest\x64\Debug\libz-static.pdb"; ъюьяюэютър юс·хъЄр т√яюыэ хЄё  ъръ яЁш юЄёєЄёЄтшш юЄырфюўэ√ї фрээ√ї
libz-static.lib(inftrees.obj) : warning LNK4099: "libz-static.pdb" PDB эх эрщфхэ ё "libz-static.lib(inftrees.obj)" шыш эр "C:\Users\fedor\Desktop\ExcelQuest\x64\Debug\libz-static.pdb"; ъюьяюэютър юс·хъЄр т√яюыэ хЄё  ъръ яЁш юЄёєЄёЄтшш юЄырфюўэ√ї фрээ√ї
libz-static.lib(inffast.obj) : warning LNK4099: "libz-static.pdb" PDB эх эрщфхэ ё "libz-static.lib(inffast.obj)" шыш эр "C:\Users\fedor\Desktop\ExcelQuest\x64\Debug\libz-static.pdb"; ъюьяюэютър юс·хъЄр т√яюыэ хЄё  ъръ яЁш юЄёєЄёЄтшш юЄырфюўэ√ї фрээ√ї
libz-static.lib(trees.obj) : warning LNK4099: "libz-static.pdb" PDB эх эрщфхэ ё "libz-static.lib(trees.obj)" шыш эр "C:\Users\fedor\Desktop\ExcelQuest\x64\Debug\libz-static.pdb"; ъюьяюэютър юс·хъЄр т√яюыэ хЄё  ъръ яЁш юЄёєЄёЄтшш юЄырфюўэ√ї фрээ√ї
  ExcelQuest.vcxproj -> C:\Users\fedor\Desktop\ExcelQuest\x64\Debug\ExcelQuest.exe
