c:\all_vs\excelquest\excelquest\x64\debug\vc141.pdb
c:\all_vs\excelquest\excelquest\x64\debug\vc141.idb
c:\all_vs\excelquest\excelquest\x64\debug\xmlattribute.obj
c:\all_vs\excelquest\excelquest\x64\debug\xml.obj
c:\all_vs\excelquest\excelquest\x64\debug\sheet.obj
c:\all_vs\excelquest\excelquest\x64\debug\main.obj
c:\all_vs\excelquest\excelquest\x64\debug\archiveservice.obj
c:\all_vs\excelquest\excelquest\x64\debug\unzipservice.obj
c:\all_vs\excelquest\excelquest\x64\debug\stringhelper.obj
c:\all_vs\excelquest\excelquest\x64\debug\archive.obj
c:\all_vs\excelquest\excelquest\x64\debug\appconfig.obj
c:\all_vs\excelquest\excelquest\x64\debug\row.obj
c:\all_vs\excelquest\excelquest\x64\debug\exceltable.obj
c:\all_vs\excelquest\excelquest\x64\debug\exceldata.obj
c:\all_vs\excelquest\excelquest\x64\debug\excelconfig.obj
c:\all_vs\excelquest\excelquest\x64\debug\excelservice.obj
c:\all_vs\excelquest\x64\debug\excelquest.exe
c:\all_vs\excelquest\x64\debug\excelquest.pdb
c:\all_vs\excelquest\excelquest\x64\debug\excelquest.tlog\cl.command.1.tlog
c:\all_vs\excelquest\excelquest\x64\debug\excelquest.tlog\cl.read.1.tlog
c:\all_vs\excelquest\excelquest\x64\debug\excelquest.tlog\cl.write.1.tlog
c:\all_vs\excelquest\excelquest\x64\debug\excelquest.tlog\link.command.1.tlog
c:\all_vs\excelquest\excelquest\x64\debug\excelquest.tlog\link.read.1.tlog
c:\all_vs\excelquest\excelquest\x64\debug\excelquest.tlog\link.write.1.tlog
