  Archive.cpp
c:\all_vs\excelquest\excelquest\archive.cpp(39): warning C4244: =: преобразование "zip_int64_t" в "int", возможна потеря данных
c:\all_vs\excelquest\excelquest\archive.cpp(11): warning C4101: file_time: неиспользованная локальная переменная
c:\all_vs\excelquest\excelquest\archive.cpp(15): warning C4101: file_number: неиспользованная локальная переменная
c:\all_vs\excelquest\excelquest\archive.cpp(13): warning C4101: files_total: неиспользованная локальная переменная
c:\all_vs\excelquest\excelquest\archive.cpp(98): warning C4244: =: преобразование "zip_int64_t" в "int", возможна потеря данных
c:\all_vs\excelquest\excelquest\archive.cpp(79): warning C4101: file_time: неиспользованная локальная переменная
c:\all_vs\excelquest\excelquest\archive.cpp(81): warning C4101: files_total: неиспользованная локальная переменная
c:\all_vs\excelquest\excelquest\archive.cpp(83): warning C4101: fileNumber: неиспользованная локальная переменная
  main.cpp
  Создание кода
  58 of 499 functions (11.6%) were compiled, the rest were copied from previous compilation.
    1 functions were new in current compilation
    33 functions had inline decision re-evaluated but remain unchanged
  Создание кода завершено
libz-static.lib(crc32.obj) : warning LNK4099: "libz-static.pdb" PDB не найден с "libz-static.lib(crc32.obj)" или на "C:\All_VS\ExcelQuest\x64\Release\libz-static.pdb"; компоновка объекта выполняется как при отсутствии отладочных данных
libz-static.lib(inflate.obj) : warning LNK4099: "libz-static.pdb" PDB не найден с "libz-static.lib(inflate.obj)" или на "C:\All_VS\ExcelQuest\x64\Release\libz-static.pdb"; компоновка объекта выполняется как при отсутствии отладочных данных
libz-static.lib(deflate.obj) : warning LNK4099: "libz-static.pdb" PDB не найден с "libz-static.lib(deflate.obj)" или на "C:\All_VS\ExcelQuest\x64\Release\libz-static.pdb"; компоновка объекта выполняется как при отсутствии отладочных данных
libz-static.lib(zutil.obj) : warning LNK4099: "libz-static.pdb" PDB не найден с "libz-static.lib(zutil.obj)" или на "C:\All_VS\ExcelQuest\x64\Release\libz-static.pdb"; компоновка объекта выполняется как при отсутствии отладочных данных
libz-static.lib(adler32.obj) : warning LNK4099: "libz-static.pdb" PDB не найден с "libz-static.lib(adler32.obj)" или на "C:\All_VS\ExcelQuest\x64\Release\libz-static.pdb"; компоновка объекта выполняется как при отсутствии отладочных данных
libz-static.lib(inftrees.obj) : warning LNK4099: "libz-static.pdb" PDB не найден с "libz-static.lib(inftrees.obj)" или на "C:\All_VS\ExcelQuest\x64\Release\libz-static.pdb"; компоновка объекта выполняется как при отсутствии отладочных данных
libz-static.lib(inffast.obj) : warning LNK4099: "libz-static.pdb" PDB не найден с "libz-static.lib(inffast.obj)" или на "C:\All_VS\ExcelQuest\x64\Release\libz-static.pdb"; компоновка объекта выполняется как при отсутствии отладочных данных
libz-static.lib(trees.obj) : warning LNK4099: "libz-static.pdb" PDB не найден с "libz-static.lib(trees.obj)" или на "C:\All_VS\ExcelQuest\x64\Release\libz-static.pdb"; компоновка объекта выполняется как при отсутствии отладочных данных
  ExcelQuest.vcxproj -> C:\All_VS\ExcelQuest\x64\Release\ExcelQuest.exe
